nvcomp.dir\debug\bitpackgpu.obj
nvcomp.dir\debug\cudautils.obj
nvcomp.dir\debug\deltagpu.obj
nvcomp.dir\debug\runlengthencodegpu.obj
nvcomp.dir\debug\snappykernels.obj
nvcomp.dir\debug\cascadedcompressiongpu.obj
nvcomp.dir\debug\cascadeddecompression.obj
nvcomp.dir\debug\cascadedmetadataongpu.obj
nvcomp.dir\debug\cascadedselectorkernels.obj
nvcomp.dir\debug\lz4compressor.obj
nvcomp.dir\debug\lz4decompressor.obj
nvcomp.dir\debug\lz4metadataongpu.obj
nvcomp.dir\debug\lz4compressionkernels.obj
c:\users\nicholas\desktop\hrender\nvcomp-main\build\src\cmakefiles\generate.stamp
c:\users\nicholas\desktop\hrender\nvcomp-main\build\src\nvcomp.dir\debug\bitpackgpu.cu.cache
c:\users\nicholas\desktop\hrender\nvcomp-main\build\src\nvcomp.dir\debug\cascadedcompressiongpu.cu.cache
c:\users\nicholas\desktop\hrender\nvcomp-main\build\src\nvcomp.dir\debug\cascadeddecompression.cu.cache
c:\users\nicholas\desktop\hrender\nvcomp-main\build\src\nvcomp.dir\debug\cascadedmetadataongpu.cu.cache
c:\users\nicholas\desktop\hrender\nvcomp-main\build\src\nvcomp.dir\debug\cascadedselectorkernels.cu.cache
c:\users\nicholas\desktop\hrender\nvcomp-main\build\src\nvcomp.dir\debug\cudautils.cu.cache
c:\users\nicholas\desktop\hrender\nvcomp-main\build\src\nvcomp.dir\debug\deltagpu.cu.cache
c:\users\nicholas\desktop\hrender\nvcomp-main\build\src\nvcomp.dir\debug\lz4compressionkernels.cu.cache
c:\users\nicholas\desktop\hrender\nvcomp-main\build\src\nvcomp.dir\debug\lz4compressor.cu.cache
c:\users\nicholas\desktop\hrender\nvcomp-main\build\src\nvcomp.dir\debug\lz4decompressor.cu.cache
c:\users\nicholas\desktop\hrender\nvcomp-main\build\src\nvcomp.dir\debug\lz4metadataongpu.cu.cache
c:\users\nicholas\desktop\hrender\nvcomp-main\build\src\nvcomp.dir\debug\runlengthencodegpu.cu.cache
c:\users\nicholas\desktop\hrender\nvcomp-main\build\src\nvcomp.dir\debug\snappykernels.cu.cache
c:\users\nicholas\desktop\hrender\nvcomp-main\build\src\nvcomp.dir\debug\snappykernels.obj
c:\users\nicholas\desktop\hrender\nvcomp-main\build\lib\debug\nvcomp.pdb
c:\users\nicholas\desktop\hrender\nvcomp-main\build\src\nvcomp.dir\debug\nvcomp.tlog\cudacompile.read.1u.tlog
c:\users\nicholas\desktop\hrender\nvcomp-main\build\src\nvcomp.dir\debug\nvcomp.tlog\cudacompile.write.1u.tlog
c:\users\nicholas\desktop\hrender\nvcomp-main\build\src\nvcomp.dir\debug\nvcomp.tlog\custombuild.command.1.tlog
c:\users\nicholas\desktop\hrender\nvcomp-main\build\src\nvcomp.dir\debug\nvcomp.tlog\custombuild.read.1.tlog
c:\users\nicholas\desktop\hrender\nvcomp-main\build\src\nvcomp.dir\debug\nvcomp.tlog\custombuild.write.1.tlog
